[  1541.744] 
X.Org X Server 1.20.4
X Protocol Version 11, Revision 0
[  1541.744] Build Operating System: Linux 5.4.0-54-generic armv8l Raspbian
[  1541.744] Current Operating System: Linux raspberrypi 5.10.11-v7l+ #1399 SMP Thu Jan 28 12:09:48 GMT 2021 armv7l
[  1541.744] Kernel command line: coherent_pool=1M 8250.nr_uarts=0 snd_bcm2835.enable_compat_alsa=0 snd_bcm2835.enable_hdmi=1  smsc95xx.macaddr=E4:5F:01:03:97:FC vc_mem.mem_base=0x3ec00000 vc_mem.mem_size=0x40000000  console=ttyS0,115200 console=tty1 root=PARTUUID=2f816472-02 rootfstype=ext4 elevator=deadline fsck.repair=yes rootwait quiet splash plymouth.ignore-serial-consoles
[  1541.744] Build Date: 15 January 2021  02:03:57PM
[  1541.744] xorg-server 2:1.20.4-1+rpt2+deb10u3 (https://www.debian.org/support) 
[  1541.744] Current version of pixman: 0.36.0
[  1541.744] 	Before reporting problems, check http://wiki.x.org
	to make sure that you have the latest version.
[  1541.744] Markers: (--) probed, (**) from config file, (==) default setting,
	(++) from command line, (!!) notice, (II) informational,
	(WW) warning, (EE) error, (NI) not implemented, (??) unknown.
[  1541.744] (++) Log file: ".xorgxrdp.10.log", Time: Fri Mar  5 10:12:51 2021
[  1541.747] (++) Using config file: "/etc/X11/xrdp/xorg.conf"
[  1541.747] (==) Using system config directory "/usr/share/X11/xorg.conf.d"
[  1541.748] (==) ServerLayout "X11 Server"
[  1541.748] (**) |-->Screen "Screen (xrdpdev)" (0)
[  1541.748] (**) |   |-->Monitor "Monitor"
[  1541.749] (**) |   |-->Device "Video Card (xrdpdev)"
[  1541.749] (**) |-->Input Device "xrdpMouse"
[  1541.749] (**) |-->Input Device "xrdpKeyboard"
[  1541.749] (**) Option "DontVTSwitch" "on"
[  1541.749] (**) Option "AutoAddDevices" "off"
[  1541.749] (**) Not automatically adding devices
[  1541.749] (==) Automatically enabling devices
[  1541.749] (==) Automatically adding GPU devices
[  1541.749] (==) Max clients allowed: 256, resource mask: 0x1fffff
[  1541.749] (WW) The directory "/usr/share/fonts/X11/cyrillic" does not exist.
[  1541.749] 	Entry deleted from font path.
[  1541.749] (==) FontPath set to:
	/usr/share/fonts/X11/misc,
	/usr/share/fonts/X11/100dpi/:unscaled,
	/usr/share/fonts/X11/75dpi/:unscaled,
	/usr/share/fonts/X11/Type1,
	/usr/share/fonts/X11/100dpi,
	/usr/share/fonts/X11/75dpi,
	built-ins
[  1541.749] (==) ModulePath set to "/usr/lib/xorg/modules"
[  1541.749] (II) Loader magic: 0x1fdf80
[  1541.749] (II) Module ABI versions:
[  1541.749] 	X.Org ANSI C Emulation: 0.4
[  1541.749] 	X.Org Video Driver: 24.0
[  1541.749] 	X.Org XInput driver : 24.1
[  1541.749] 	X.Org Server Extension : 10.0
[  1541.754] (II) systemd-logind: took control of session /org/freedesktop/login1/session/c1
[  1541.755] (II) xfree86: Adding drm device (/dev/dri/card0)
[  1541.756] (EE) systemd-logind: failed to take device /dev/dri/card0: Operation not permitted
[  1541.756] (II) xfree86: Adding drm device (/dev/dri/card1)
[  1541.757] (EE) systemd-logind: failed to take device /dev/dri/card1: Operation not permitted
[  1541.758] (II) no primary bus or device found
[  1541.758] 	falling back to /sys/devices/platform/gpu/drm/card0
[  1541.758] (II) "glx" will be loaded. This was enabled by default and also specified in the config file.
[  1541.758] (II) LoadModule: "dbe"
[  1541.758] (II) Module "dbe" already built-in
[  1541.758] (II) LoadModule: "ddc"
[  1541.758] (II) Module "ddc" already built-in
[  1541.758] (II) LoadModule: "extmod"
[  1541.758] (II) Module "extmod" already built-in
[  1541.758] (II) LoadModule: "glx"
[  1541.758] (II) Loading /usr/lib/xorg/modules/extensions/libglx.so
[  1541.761] (II) Module glx: vendor="X.Org Foundation"
[  1541.761] 	compiled for 1.20.4, module version = 1.0.0
[  1541.761] 	ABI class: X.Org Server Extension, version 10.0
[  1541.761] (II) LoadModule: "int10"
[  1541.761] (II) Loading /usr/lib/xorg/modules/libint10.so
[  1541.767] (II) Module int10: vendor="X.Org Foundation"
[  1541.767] 	compiled for 1.20.4, module version = 1.0.0
[  1541.767] 	ABI class: X.Org Video Driver, version 24.0
[  1541.767] (II) LoadModule: "record"
[  1541.767] (II) Module "record" already built-in
[  1541.767] (II) LoadModule: "vbe"
[  1541.767] (II) Loading /usr/lib/xorg/modules/libvbe.so
[  1541.770] (II) Module vbe: vendor="X.Org Foundation"
[  1541.770] 	compiled for 1.20.4, module version = 1.1.0
[  1541.770] 	ABI class: X.Org Video Driver, version 24.0
[  1541.770] (II) LoadModule: "xorgxrdp"
[  1541.770] (II) Loading /usr/lib/xorg/modules/libxorgxrdp.so
[  1541.774] (II) Module XORGXRDP: vendor="X.Org Foundation"
[  1541.774] 	compiled for 1.20.3, module version = 0.2.9
[  1541.774] 	ABI class: X.Org Video Driver, version 24.0
[  1541.774] xorgxrdpSetup:
[  1541.774] (II) LoadModule: "fb"
[  1541.774] (II) Loading /usr/lib/xorg/modules/libfb.so
[  1541.777] (II) Module fb: vendor="X.Org Foundation"
[  1541.777] 	compiled for 1.20.4, module version = 1.0.0
[  1541.777] 	ABI class: X.Org ANSI C Emulation, version 0.4
[  1541.777] (II) LoadModule: "xrdpdev"
[  1541.778] (II) Loading /usr/lib/xorg/modules/drivers/xrdpdev_drv.so
[  1541.779] (II) Module XRDPDEV: vendor="X.Org Foundation"
[  1541.779] 	compiled for 1.20.3, module version = 0.2.9
[  1541.779] 	ABI class: X.Org Video Driver, version 24.0
[  1541.779] xrdpdevSetup:
[  1541.779] (II) LoadModule: "xrdpmouse"
[  1541.780] (II) Loading /usr/lib/xorg/modules/input/xrdpmouse_drv.so
[  1541.781] (II) Module XRDPMOUSE: vendor="X.Org Foundation"
[  1541.781] 	compiled for 1.20.3, module version = 0.2.9
[  1541.781] 	Module class: X.Org XInput Driver
[  1541.781] 	ABI class: X.Org XInput driver, version 24.1
[  1541.781] rdpmousePlug:
[  1541.781] (II) LoadModule: "xrdpkeyb"
[  1541.781] (II) Loading /usr/lib/xorg/modules/input/xrdpkeyb_drv.so
[  1541.782] (II) Module XRDPKEYB: vendor="X.Org Foundation"
[  1541.782] 	compiled for 1.20.3, module version = 0.2.9
[  1541.782] 	Module class: X.Org XInput Driver
[  1541.782] 	ABI class: X.Org XInput driver, version 24.1
[  1541.783] rdpkeybPlug:
[  1541.783] rdpIdentify:
[  1541.783] (II) XRDPDEV: driver for xrdp: XRDPDEV
[  1541.783] rdpDriverFunc: op 10
[  1541.783] (WW) Falling back to old probe method for XRDPDEV
[  1541.783] rdpProbe:
[  1541.783] (II) Loading sub module "fb"
[  1541.783] (II) LoadModule: "fb"
[  1541.783] (II) Loading /usr/lib/xorg/modules/libfb.so
[  1541.783] (II) Module fb: vendor="X.Org Foundation"
[  1541.783] 	compiled for 1.20.4, module version = 1.0.0
[  1541.783] 	ABI class: X.Org ANSI C Emulation, version 0.4
[  1541.783] (II) XRDPDEV(0): using default device
[  1541.783] (WW) VGA arbiter: cannot open kernel arbiter, no multi-card support
[  1541.783] rdpPreInit:
[  1541.783] (**) XRDPDEV(0): Depth 24, (--) framebuffer bpp 32
[  1541.783] (==) XRDPDEV(0): RGB weight 888
[  1541.783] (==) XRDPDEV(0): Using gamma correction (1.0, 1.0, 1.0)
[  1541.783] (==) XRDPDEV(0): Default visual is TrueColor
[  1541.783] (==) XRDPDEV(0): DPI set to (96, 96)
[  1541.783] (II) XRDPDEV(0): 	mode "640x480" ok
[  1541.783] (II) XRDPDEV(0): 	mode "800x600" ok
[  1541.783] (II) XRDPDEV(0): Virtual size is 800x600 (pitch 800)
[  1541.783] (**) XRDPDEV(0):  Default mode "800x600": 36.0 MHz (scaled from 0.0 MHz), 35.2 kHz, 56.2 Hz
[  1541.783] (II) XRDPDEV(0): Modeline "800x600"x0.0   36.00  800 824 896 1024  600 601 603 625 +hsync +vsync (35.2 kHz d)
[  1541.787] rdpScreenInit: virtualX 800 virtualY 600 rgbBits 8 depth 24
[  1541.787] rdpScreenInit: pfbMemory bytes 1920000
[  1541.787] rdpScreenInit: pfbMemory 0xb6088010
[  1541.787] rdpSimdInit: assigning yuv functions
[  1541.787] rdpXvInit: depth 24
[  1541.791] (==) XRDPDEV(0): Backing store enabled
[  1541.794] rdpClientConInit: disconnect idle session after [0] sec
[  1541.794] rdpClientConInit: kill disconnected [0] timeout [0] sec
[  1541.794] rdpScreenInit: out
[  1541.794] (II) Initializing extension Generic Event Extension
[  1541.795] (II) Initializing extension SHAPE
[  1541.795] (II) Initializing extension MIT-SHM
[  1541.796] (II) Initializing extension XInputExtension
[  1541.800] (II) Initializing extension XTEST
[  1541.800] (II) Initializing extension BIG-REQUESTS
[  1541.801] (II) Initializing extension SYNC
[  1541.801] (II) Initializing extension XKEYBOARD
[  1541.802] (II) Initializing extension XC-MISC
[  1541.802] (II) Initializing extension SECURITY
[  1541.803] (II) Initializing extension XFIXES
[  1541.803] (II) Initializing extension RENDER
[  1541.804] (II) Initializing extension RANDR
[  1541.805] (II) Initializing extension COMPOSITE
[  1541.805] (II) Initializing extension DAMAGE
[  1541.806] (II) Initializing extension MIT-SCREEN-SAVER
[  1541.806] (II) Initializing extension DOUBLE-BUFFER
[  1541.807] (II) Initializing extension RECORD
[  1541.807] (II) Initializing extension DPMS
[  1541.807] (II) Initializing extension Present
[  1541.808] (II) Initializing extension DRI3
[  1541.808] (II) Initializing extension X-Resource
[  1541.808] (II) Initializing extension XVideo
[  1541.809] (II) Initializing extension XVideo-MotionCompensation
[  1541.809] (II) Initializing extension SELinux
[  1541.809] (II) SELinux: Disabled on system
[  1541.809] (II) Initializing extension GLX
[  1541.810] (II) AIGLX: Screen 0 is not DRI2 capable
[  1542.605] (II) IGLX: Loaded and initialized swrast
[  1542.605] (II) GLX: Initialized DRISWRAST GL provider for screen 0
[  1542.606] (II) Initializing extension XFree86-VidModeExtension
[  1542.606] (II) Initializing extension XFree86-DGA
[  1542.607] (II) Initializing extension XFree86-DRI
[  1542.608] (II) Initializing extension DRI2
[  1542.754] (II) Using input driver 'XRDPMOUSE' for 'xrdpMouse'
[  1542.754] (**) Option "CorePointer"
[  1542.754] (**) xrdpMouse: always reports core events
[  1542.754] rdpmousePreInit: drv 0x908110 info 0xa8df70, flags 0x0
[  1542.754] (II) XINPUT: Adding extended input device "xrdpMouse" (type: Mouse, id 6)
[  1542.754] rdpmouseControl: what 0
[  1542.754] rdpmouseDeviceInit:
[  1542.754] rdpmouseCtrl:
[  1542.754] rdpRegisterInputCallback: type 1 proc 0xb6271944
[  1542.754] (**) xrdpMouse: (accel) keeping acceleration scheme 1
[  1542.754] (**) xrdpMouse: (accel) acceleration profile 0
[  1542.754] (**) xrdpMouse: (accel) acceleration factor: 2.000
[  1542.754] (**) xrdpMouse: (accel) acceleration threshold: 4
[  1542.754] rdpmouseControl: what 1
[  1542.754] rdpmouseDeviceOn:
[  1542.754] (II) Using input driver 'XRDPKEYB' for 'xrdpKeyboard'
[  1542.754] (**) Option "CoreKeyboard"
[  1542.754] (**) xrdpKeyboard: always reports core events
[  1542.754] rdpkeybPreInit: drv 0x90e008 info 0xc16648, flags 0x0
[  1542.754] (II) XINPUT: Adding extended input device "xrdpKeyboard" (type: Keyboard, id 7)
[  1542.754] rdpkeybControl: what 0
[  1542.754] rdpkeybDeviceInit:
[  1542.799] rdpkeybChangeKeyboardControl:
[  1542.799] rdpkeybChangeKeyboardControl: autoRepeat on
[  1542.799] rdpRegisterInputCallback: type 0 proc 0xb625e380
[  1542.799] rdpkeybControl: what 1
[  1542.799] rdpkeybDeviceOn:
[  1542.831] rdpSaveScreen:
[  1542.831] rdpDeferredRandR:
[  1542.831] rdpResizeSession: width 1024 height 768
[  1542.831]   calling RRScreenSizeSet
[  1542.831] rdpRRScreenSetSize: width 1024 height 768 mmWidth 271 mmHeight 203
[  1542.831] rdpRRGetInfo:
[  1542.831]   screen resized to 1024x768
[  1542.839]   RRScreenSizeSet ok 1
[  1542.839] rdpResizeSession: width 1920 height 1080
[  1542.839]   calling RRScreenSizeSet
[  1542.839] rdpRRScreenSetSize: width 1920 height 1080 mmWidth 508 mmHeight 286
[  1542.840] rdpRRGetInfo:
[  1542.840]   screen resized to 1920x1080
[  1542.861]   RRScreenSizeSet ok 1
[  1542.861] rdpClientConGotConnection:
[  1542.861] rdpClientConGotConnection: g_sck_accept ok new_sck 7
[  1542.861] rdpClientConGetConnection: idle_disconnect_timeout set to non-positive value, idle timer turned off
[  1542.861] rdpAddClientConToDev: adding first clientCon 0xc3b140
[  1542.861] rdpClientConProcessMsgVersion: version 0 0 0 1
[  1542.862] rdpClientConProcessScreenSizeMsg: set width 1920 height 1080 bpp 32
[  1542.862] rdpClientConProcessScreenSizeMsg: shmemid 0 shmemptr 0xaad2c000
[  1542.862] rdpClientConProcessMsgClientInput: invalidate x 0 y 0 cx 1920 cy 1080
[  1542.862] KbdSync: toggling num lock
[  1542.862] rdpkeybChangeKeyboardControl:
[  1542.862] rdpkeybChangeKeyboardControl: autoRepeat on
[  1542.865] rdpClientConProcessMsgClientInfo:
[  1542.865]   got client info bytes 5732
[  1542.865]   jpeg support 0
[  1542.865]   offscreen support 1
[  1542.865]   offscreen size 10485760
[  1542.865]   offscreen entries 100
[  1542.865]   client can not do offscreen to offscreen blits
[  1542.865]   client can do new(color) cursor
[  1542.866]   client can not do multimon
[  1542.866] rdpRRSetRdpOutputs: numCrtcs 0 monitorCount 0
[  1542.866] rdpRRSetRdpOutputs: add output 0 left 0 top 0 width 1920 height 1080
[  1542.866] rdpLoadLayout: keylayout 0x00000804 variant  display 10
[  1542.866] rdpkeybChangeKeyboardControl:
[  1542.866] rdpkeybChangeKeyboardControl: autoRepeat on
[  1542.867] rdpkeybChangeKeyboardControl:
[  1542.867] rdpkeybChangeKeyboardControl: autoRepeat on
[  1542.899] rdpInDeferredRepeatCallback:
[  1542.899] rdpkeybChangeKeyboardControl:
[  1542.899] rdpkeybChangeKeyboardControl: autoRepeat off
[  1542.962] rdpInDeferredRepeatCallback:
[  1542.962] rdpkeybChangeKeyboardControl:
[  1542.962] rdpkeybChangeKeyboardControl: autoRepeat off
[  1542.966] rdpInDeferredRepeatCallback:
[  1542.966] rdpkeybChangeKeyboardControl:
[  1542.966] rdpkeybChangeKeyboardControl: autoRepeat off
[  1542.967] rdpInDeferredRepeatCallback:
[  1542.967] rdpkeybChangeKeyboardControl:
[  1542.967] rdpkeybChangeKeyboardControl: autoRepeat off
[  1543.813] rdpkeybChangeKeyboardControl:
[  1543.813] rdpkeybChangeKeyboardControl: autoRepeat off
[  1543.813] rdpkeybChangeKeyboardControl:
[  1543.813] rdpkeybChangeKeyboardControl: autoRepeat off
[  1543.813] rdpkeybChangeKeyboardControl:
[  1543.813] rdpkeybChangeKeyboardControl: autoRepeat off
[  1543.813] rdpkeybChangeKeyboardControl:
[  1543.813] rdpkeybChangeKeyboardControl: autoRepeat off
[  1546.074] rdpRRGetInfo:
[  1546.074] rdpRRCrtcGetGamma: 0xc39b00 0xc1ca98 0xc1ce98 0xc1cc98
[  1546.074] rdpRRCrtcGetGamma: 0xc39b00 0xc1ca98 0xc1ce98 0xc1cc98
[  1610.230] rdpClientConProcessMsgClientInput: invalidate x 0 y 0 cx 1919 cy 1079
[  1610.237] KbdSync: toggling num lock
[  1610.237] rdpkeybChangeKeyboardControl:
[  1610.237] rdpkeybChangeKeyboardControl: autoRepeat off
[  1610.240] rdpkeybChangeKeyboardControl:
[  1610.240] rdpkeybChangeKeyboardControl: autoRepeat off
[  1632.720] rdpClientConProcessMsgClientInput: invalidate x 0 y 0 cx 1919 cy 1079
[  1638.729] rdpClientConProcessMsgClientInput: invalidate x 0 y 0 cx 1919 cy 1079
[  1659.101] rdpClientConProcessMsgClientInput: invalidate x 0 y 0 cx 1919 cy 1079
[  1680.699] rdpClientConProcessMsgClientInput: invalidate x 0 y 0 cx 1919 cy 1079
[  1706.466] rdpClientConRecv: g_sck_recv failed(returned 0)
[  1706.467] rdpClientConRecvMsg: error
[  1706.467] rdpClientConCheck: rdpClientConGotData failed
[  1706.467] rdpClientConDisconnect:
[  1706.467] rdpRemoveClientConFromDev: removing clientCon 0xc3b140
