XvncSession start time: 2021-02-08T05:41:14.287Z

Starting Xvnc
Waiting for Xvnc...
VNC(R) Server 6.7.2 (r42622) ARMv6 (May 13 2020 19:44:08)
Copyright (C) 2002-2020 RealVNC Ltd.
RealVNC and VNC are trademarks of RealVNC Ltd and are protected by trademark
registrations and/or pending trademark applications in the European Union,
United States of America and other jurisdictions.
Protected by UK patent 2481870; US patent 8760366; EU patent 2652951.
See https://www.realvnc.com for information on VNC.
For third party acknowledgements see:
https://www.realvnc.com/docs/6/foss.html
OS: Raspbian GNU/Linux 10, Linux 5.4.79, armv7l
<13> 2021-02-08T05:41:14.347Z raspberrypi Xvnc[817]: ServerManager: Server started
Underlying X server release 609000, The X.Org Foundation

error opening security policy file /usr/X11R6/lib/X11/xserver/SecurityPolicy
Could not init font path element /usr/X11R6/lib/X11/fonts/misc/, removing from list!
Could not init font path element /usr/X11R6/lib/X11/fonts/TTF/, removing from list!
Could not init font path element /usr/X11R6/lib/X11/fonts/Type1/, removing from list!
Could not init font path element /usr/X11R6/lib/X11/fonts/CID/, removing from list!
Could not init font path element /usr/X11R6/lib/X11/fonts/75dpi/, removing from list!
Could not init font path element /usr/X11R6/lib/X11/fonts/100dpi/, removing from list!
Starting dbus
dbus started
Starting pulseaudio
pulseaudio started
Starting xstartup
xstartup started
Warning:          No symbols defined for <SYRQ> (keycode 92)
Warning:          No symbols defined for <II5D> (keycode 93)
Warning:          No symbols defined for <II65> (keycode 101)
Warning:          No symbols defined for <BRK> (keycode 114)
Warning:          No symbols defined for <FK13> (keycode 118)
Warning:          No symbols defined for <FK14> (keycode 119)
Warning:          No symbols defined for <FK15> (keycode 120)
Warning:          No symbols defined for <FK16> (keycode 121)
Warning:          No symbols defined for <FK17> (keycode 122)
Warning:          No symbols defined for <KPDC> (keycode 123)
Warning:          No symbols defined for <XFER> (keycode 129)
Warning:          No symbols defined for <I02> (keycode 130)
Warning:          No symbols defined for <NFER> (keycode 131)
Warning:          No symbols defined for <I04> (keycode 132)
Warning:          No symbols defined for <AE13> (keycode 133)
Warning:          No symbols defined for <I07> (keycode 135)
Warning:          No symbols defined for <I08> (keycode 136)
Warning:          No symbols defined for <I09> (keycode 137)
Warning:          No symbols defined for <I0A> (keycode 138)
Warning:          No symbols defined for <I0B> (keycode 139)
Warning:          No symbols defined for <I0C> (keycode 140)
Warning:          No symbols defined for <I0D> (keycode 141)
Warning:          No symbols defined for <I0E> (keycode 142)
Warning:          No symbols defined for <I0F> (keycode 143)
Warning:          No symbols defined for <I10> (keycode 144)
Warning:          No symbols defined for <I11> (keycode 145)
Warning:          No symbols defined for <I12> (keycode 146)
Warning:          No symbols defined for <I13> (keycode 147)
Warning:          No symbols defined for <I14> (keycode 148)
Warning:          No symbols defined for <I15> (keycode 149)
Warning:          No symbols defined for <I16> (keycode 150)
Warning:          No symbols defined for <I17> (keycode 151)
Warning:          No symbols defined for <I18> (keycode 152)
Warning:          No symbols defined for <I19> (keycode 153)
Warning:          No symbols defined for <I1A> (keycode 154)
Warning:          No symbols defined for <I1B> (keycode 155)
Warning:          No symbols defined for <K59> (keycode 157)
Warning:          No symbols defined for <I1E> (keycode 158)
Warning:          No symbols defined for <I1F> (keycode 159)
Warning:          No symbols defined for <I20> (keycode 160)
Warning:          No symbols defined for <I21> (keycode 161)
Warning:          No symbols defined for <I22> (keycode 162)
Warning:          No symbols defined for <I23> (keycode 163)
Warning:          No symbols defined for <I24> (keycode 164)
Warning:          No symbols defined for <I25> (keycode 165)
Warning:          No symbols defined for <I26> (keycode 166)
Warning:          No symbols defined for <I27> (keycode 167)
Warning:          No symbols defined for <I28> (keycode 168)
Warning:          No symbols defined for <I29> (keycode 169)
Warning:          No symbols defined for <K5A> (keycode 170)
Warning:          No symbols defined for <I2B> (keycode 171)
Warning:          No symbols defined for <I2C> (keycode 172)
Warning:          No symbols defined for <I2D> (keycode 173)
Warning:          No symbols defined for <I2E> (keycode 174)
Warning:          No symbols defined for <I2F> (keycode 175)
Warning:          No symbols defined for <I30> (keycode 176)
Warning:          No symbols defined for <I31> (keycode 177)
Warning:          No symbols defined for <I32> (keycode 178)
Warning:          No symbols defined for <I33> (keycode 179)
Warning:          No symbols defined for <I34> (keycode 180)
Warning:          No symbols defined for <K5B> (keycode 181)
Warning:          No symbols defined for <K5D> (keycode 182)
Warning:          No symbols defined for <K5E> (keycode 183)
Warning:          No symbols defined for <K5F> (keycode 184)
Warning:          No symbols defined for <I39> (keycode 185)
Warning:          No symbols defined for <I3A> (keycode 186)
Warning:          No symbols defined for <I3B> (keycode 187)
Warning:          No symbols defined for <I3C> (keycode 188)
Warning:          No symbols defined for <K62> (keycode 189)
Warning:          No symbols defined for <K63> (keycode 190)
Warning:          No symbols defined for <K64> (keycode 191)
Warning:          No symbols defined for <K65> (keycode 192)
Warning:          No symbols defined for <K66> (keycode 193)
Warning:          No symbols defined for <I42> (keycode 194)
Warning:          No symbols defined for <I43> (keycode 195)
Warning:          No symbols defined for <I44> (keycode 196)
Warning:          No symbols defined for <I45> (keycode 197)
Warning:          No symbols defined for <K67> (keycode 198)
Warning:          No symbols defined for <K68> (keycode 199)
Warning:          No symbols defined for <K69> (keycode 200)
Warning:          No symbols defined for <K6A> (keycode 201)
Warning:          No symbols defined for <I4A> (keycode 202)
Warning:          No symbols defined for <K6B> (keycode 203)
Warning:          No symbols defined for <K6C> (keycode 204)
Warning:          No symbols defined for <K6D> (keycode 205)
Warning:          No symbols defined for <K6E> (keycode 206)
Warning:          No symbols defined for <K6F> (keycode 207)
Warning:          No symbols defined for <HKTG> (keycode 208)
Warning:          No symbols defined for <KANA> (keycode 209)
Warning:          No symbols defined for <EISU> (keycode 210)
Warning:          No symbols defined for <AB11> (keycode 211)
Warning:          No symbols defined for <I54> (keycode 212)
Warning:          No symbols defined for <I55> (keycode 213)
Warning:          No symbols defined for <I5A> (keycode 218)
Warning:          No symbols defined for <K74> (keycode 219)
Warning:          No symbols defined for <K75> (keycode 220)
Warning:          No symbols defined for <K76> (keycode 221)
Warning:          No symbols defined for <I5E> (keycode 222)
Warning:          No symbols defined for <I5F> (keycode 223)
Warning:          No symbols defined for <I60> (keycode 224)
Warning:          No symbols defined for <I61> (keycode 225)
Warning:          No symbols defined for <I62> (keycode 226)
Warning:          No symbols defined for <I63> (keycode 227)
Warning:          No symbols defined for <I64> (keycode 228)
Warning:          No symbols defined for <I65> (keycode 229)
Warning:          No symbols defined for <I66> (keycode 230)
Warning:          No symbols defined for <I67> (keycode 231)
Warning:          No symbols defined for <I68> (keycode 232)
Warning:          No symbols defined for <I69> (keycode 233)
Warning:          No symbols defined for <I6A> (keycode 234)
Warning:          No symbols defined for <I6B> (keycode 235)
Warning:          No symbols defined for <I6C> (keycode 236)
Warning:          No symbols defined for <I6D> (keycode 237)
Warning:          No symbols defined for <I6E> (keycode 238)
Warning:          No symbols defined for <I6F> (keycode 239)
Warning:          No symbols defined for <I70> (keycode 240)
Warning:          No symbols defined for <I71> (keycode 241)
Warning:          No symbols defined for <I72> (keycode 242)
Warning:          No symbols defined for <I73> (keycode 243)
Warning:          No symbols defined for <I74> (keycode 244)
Warning:          No symbols defined for <I75> (keycode 245)
Warning:          No symbols defined for <I76> (keycode 246)
Warning:          No symbols defined for <I77> (keycode 247)
Warning:          No symbols defined for <I78> (keycode 248)
Warning:          No symbols defined for <I79> (keycode 249)
Warning:          No symbols defined for <I7A> (keycode 250)
Warning:          No symbols defined for <I7B> (keycode 251)
Warning:          No symbols defined for <I7C> (keycode 252)
Warning:          No symbols defined for <I7D> (keycode 253)
Warning:          No symbols defined for <I7E> (keycode 254)
Warning:          No symbols defined for <I7F> (keycode 255)
Starting session: /etc/X11/Xsession
dbus-daemon[834]: [session uid=1000 pid=834] Activating service name='org.freedesktop.systemd1' requested by ':1.0' (uid=1000 pid=856 comm="dbus-update-activation-environment --verbose --sys")
dbus-daemon[834]: [session uid=1000 pid=834] Activated service 'org.freedesktop.systemd1' failed: Process org.freedesktop.systemd1 exited with status 1
(   0.000|   0.000) W: [pulseaudio] authkey.c: Failed to open cookie file '/home/pi/.config/pulse/cookie': No such file or directory
(   0.000|   0.000) W: [pulseaudio] authkey.c: Failed to load authentication key '/home/pi/.config/pulse/cookie': No such file or directory
(   0.000|   0.000) W: [pulseaudio] authkey.c: Failed to open cookie file '/home/pi/.pulse-cookie': No such file or directory
(   0.000|   0.000) W: [pulseaudio] authkey.c: Failed to load authentication key '/home/pi/.pulse-cookie': No such file or directory
dbus-daemon[834]: [session uid=1000 pid=834] Activating service name='org.freedesktop.systemd1' requested by ':1.2' (uid=1000 pid=896 comm="dbus-update-activation-environment --verbose --sys")
dbus-daemon[834]: [session uid=1000 pid=834] Activated service 'org.freedesktop.systemd1' failed: Process org.freedesktop.systemd1 exited with status 1
dbus-daemon[834]: [session uid=1000 pid=834] Activating service name='org.gtk.vfs.Daemon' requested by ':1.3' (uid=1000 pid=849 comm="/usr/bin/lxsession -s LXDE-pi -e LXDE ")
dbus-daemon[834]: [session uid=1000 pid=834] Successfully activated service 'org.gtk.vfs.Daemon'

(vncserverui:891): GLib-GObject-CRITICAL **: 05:41:15.925: g_object_unref: assertion 'G_IS_OBJECT (object)' failed
dbus-daemon[834]: [session uid=1000 pid=834] Activating service name='org.gtk.vfs.UDisks2VolumeMonitor' requested by ':1.8' (uid=1000 pid=936 comm="pcmanfm --desktop --profile LXDE-pi ")
dbus-daemon[834]: [session uid=1000 pid=834] Successfully activated service 'org.gtk.vfs.UDisks2VolumeMonitor'
dbus-daemon[834]: [session uid=1000 pid=834] Activating service name='org.gtk.vfs.GoaVolumeMonitor' requested by ':1.8' (uid=1000 pid=936 comm="pcmanfm --desktop --profile LXDE-pi ")
dbus-daemon[834]: [session uid=1000 pid=834] Successfully activated service 'org.gtk.vfs.GoaVolumeMonitor'
dbus-daemon[834]: [session uid=1000 pid=834] Activating service name='org.gtk.vfs.AfcVolumeMonitor' requested by ':1.8' (uid=1000 pid=936 comm="pcmanfm --desktop --profile LXDE-pi ")
Volume monitor alive
dbus-daemon[834]: [session uid=1000 pid=834] Successfully activated service 'org.gtk.vfs.AfcVolumeMonitor'
dbus-daemon[834]: [session uid=1000 pid=834] Activating service name='org.gtk.vfs.MTPVolumeMonitor' requested by ':1.8' (uid=1000 pid=936 comm="pcmanfm --desktop --profile LXDE-pi ")
dbus-daemon[834]: [session uid=1000 pid=834] Successfully activated service 'org.gtk.vfs.MTPVolumeMonitor'
dbus-daemon[834]: [session uid=1000 pid=834] Activating service name='org.gtk.vfs.GPhoto2VolumeMonitor' requested by ':1.8' (uid=1000 pid=936 comm="pcmanfm --desktop --profile LXDE-pi ")
dbus-daemon[834]: [session uid=1000 pid=834] Successfully activated service 'org.gtk.vfs.GPhoto2VolumeMonitor'
  RANDR: bad size: 
dbus-daemon[834]: [session uid=1000 pid=834] Activating service name='org.gtk.vfs.Metadata' requested by ':1.8' (uid=1000 pid=936 comm="pcmanfm --desktop --profile LXDE-pi ")
dbus-daemon[834]: [session uid=1000 pid=834] Successfully activated service 'org.gtk.vfs.Metadata'
dbus-daemon[834]: [session uid=1000 pid=834] Reloaded configuration
dbus-daemon[834]: [session uid=1000 pid=834] Reloaded configuration
dbus-daemon[834]: [session uid=1000 pid=834] Reloaded configuration
dbus-daemon[834]: [session uid=1000 pid=834] Reloaded configuration
dbus-daemon[834]: [session uid=1000 pid=834] Reloaded configuration
dbus-daemon[834]: [session uid=1000 pid=834] Reloaded configuration
(29991.922|29991.894) W: [pulseaudio] module-x11-publish.c: PulseAudio information vanished from X11!
XIO:  fatal IO error 11 (Resource temporarily unavailable) on X server ":1"
      after 18 requests (18 known processed) with 0 events remaining.
FreeFontPath: FPE "/usr/share/vnc/fonts/" refcount is 2, should be 1; fixing.
<13> 2021-02-08T14:01:07.249Z raspberrypi Xvnc[817]: ServerManager: Server stopped
