** Message: 19:30:49.529: environement.vala:58: Exporting primary_variable
** Message: 19:30:49.529: environement.vala:59: desktop_environnement XDG_CURRENT_DESKTOP
** Message: 19:30:49.529: environement.vala:150: confir_dirs is null, export : /etc/xdg
** Message: 19:30:49.529: environement.vala:184: Exporting XDG_CONFIG_DIRS
** Message: 19:30:49.529: environement.vala:218: custom_data :
** Message: 19:30:49.529: environement.vala:219: data_dirs :/usr/share/fkms:/usr/local/share:/usr/share/raspi-ui-overrides:/usr/share:/usr/share/gdm:/var/lib/menu-xdg
** Message: 19:30:49.529: environement.vala:220: data_dirs not null, export : /usr/share/fkms:/usr/local/share:/usr/share/raspi-ui-overrides:/usr/share:/usr/share/gdm:/var/lib/menu-xdg
** Message: 19:30:49.529: environement.vala:225: Exporting XDG_DATA_DIRS
** Message: 19:30:49.529: utils.vala:138: Config system location : /etc/xdg/lxsession/LXDE-pi
** Message: 19:30:49.530: utils.vala:144: System system path location : /etc/xdg/lxsession/LXDE-pi/desktop.conf
** Message: 19:30:49.530: utils.vala:148: Final file used : /etc/xdg/lxsession/LXDE-pi/desktop.conf
** Message: 19:30:49.530: utils.vala:39: Config system location : /etc/xdg/lxsession/LXDE-pi
** Message: 19:30:49.530: utils.vala:45: System system path location : /etc/xdg/lxsession/LXDE-pi/desktop.conf

** (lxsession:704): WARNING **: 19:30:49.533: utils.vala:70: 没有那个文件或目录
** Message: 19:30:49.534: settings.vala:540: Key file does not have key “iGtk/ColorScheme” in group “GTK”
** Message: 19:30:49.534: settings.vala:540: Key file does not have key “windows_manager/command” in group “Session”
** Message: 19:30:49.534: settings.vala:540: Key file does not have key “panel/command” in group “Session”
** Message: 19:30:49.534: settings.vala:540: Key file does not have key “dock/command” in group “Session”
** Message: 19:30:49.534: settings.vala:540: Key file does not have key “file_manager/command” in group “Session”
** Message: 19:30:49.534: settings.vala:540: Key file does not have key “desktop_manager/command” in group “Session”
** Message: 19:30:49.534: settings.vala:540: Key file does not have key “launcher_manager/autostart” in group “Session”
** Message: 19:30:49.534: settings.vala:540: Key file does not have key “composite_manager/command” in group “Session”
** Message: 19:30:49.534: settings.vala:540: Key file does not have key “im1/command” in group “Session”
** Message: 19:30:49.534: settings.vala:540: Key file does not have key “im2/command” in group “Session”
** Message: 19:30:49.534: settings.vala:540: Key file does not have key “widget1/command” in group “Session”
** Message: 19:30:49.534: settings.vala:540: Key file does not have key “notification/command” in group “Session”
** Message: 19:30:49.534: settings.vala:540: Key file does not have key “keybindings/command” in group “Session”
** Message: 19:30:49.534: settings.vala:540: Key file does not have key “im_manager/command” in group “Session”
** Message: 19:30:49.534: settings.vala:540: Key file does not have key “screensaver/command” in group “Session”
** Message: 19:30:49.534: settings.vala:540: Key file does not have key “power_manager/command” in group “Session”
** Message: 19:30:49.534: settings.vala:540: Key file does not have key “audio_manager/command” in group “Session”
** Message: 19:30:49.534: settings.vala:540: Key file does not have key “workspace_manager/command” in group “Session”
** Message: 19:30:49.535: settings.vala:540: Key file does not have key “screenshot_manager/command” in group “Session”
** Message: 19:30:49.535: settings.vala:540: Key file does not have key “message_manager/command” in group “Session”
** Message: 19:30:49.535: settings.vala:540: Key file does not have key “upgrade_manager/command” in group “Session”
** Message: 19:30:49.535: settings.vala:540: Key file does not have key “updates_manager/command” in group “Session”
** Message: 19:30:49.535: settings.vala:540: Key file does not have key “updates_manager/timeout” in group “Session”
** Message: 19:30:49.535: settings.vala:540: Key file does not have key “crash_manager/command” in group “Session”
** Message: 19:30:49.535: settings.vala:540: Key file does not have key “crash_manager/dev_mode” in group “Session”
** Message: 19:30:49.535: settings.vala:540: Key file does not have key “crash_manager/timeout” in group “Session”
** Message: 19:30:49.535: settings.vala:540: Key file does not have key “upstart_user_session” in group “Session”
** Message: 19:30:49.535: settings.vala:540: Key file does not have key “proxy_manager/http” in group “Session”
** Message: 19:30:49.535: settings.vala:540: Key file does not have key “a11y/command” in group “Session”
** Message: 19:30:49.535: settings.vala:540: Key file does not have key “xrandr/command” in group “Session”
** Message: 19:30:49.535: settings.vala:540: Key file does not have key “network_gui/command” in group “Session”
** Message: 19:30:49.535: settings.vala:540: Key file does not have key “webbrowser/command” in group “Session”
** Message: 19:30:49.535: settings.vala:540: Key file does not have key “email/command” in group “Session”
** Message: 19:30:49.535: settings.vala:540: Key file does not have key “pdf_reader/command” in group “Session”
** Message: 19:30:49.536: settings.vala:540: Key file does not have key “video_player/command” in group “Session”
** Message: 19:30:49.536: settings.vala:540: Key file does not have key “audio_player/command” in group “Session”
** Message: 19:30:49.536: settings.vala:540: Key file does not have key “images_display/command” in group “Session”
** Message: 19:30:49.536: settings.vala:540: Key file does not have key “text_editor/command” in group “Session”
** Message: 19:30:49.536: settings.vala:540: Key file does not have key “archive/command” in group “Session”
** Message: 19:30:49.536: settings.vala:540: Key file does not have key “charmap/command” in group “Session”
** Message: 19:30:49.536: settings.vala:540: Key file does not have key “calculator/command” in group “Session”
** Message: 19:30:49.536: settings.vala:540: Key file does not have key “spreadsheet/command” in group “Session”
** Message: 19:30:49.536: settings.vala:540: Key file does not have key “bittorent/command” in group “Session”
** Message: 19:30:49.536: settings.vala:540: Key file does not have key “document/command” in group “Session”
** Message: 19:30:49.536: settings.vala:540: Key file does not have key “webcam/command” in group “Session”
** Message: 19:30:49.536: settings.vala:540: Key file does not have key “burn/command” in group “Session”
** Message: 19:30:49.536: settings.vala:540: Key file does not have key “notes/command” in group “Session”
** Message: 19:30:49.536: settings.vala:540: Key file does not have key “disk_utility/command” in group “Session”
** Message: 19:30:49.536: settings.vala:540: Key file does not have key “tasks/command” in group “Session”
** Message: 19:30:49.536: settings.vala:540: Key file does not have group “Keymap”
** Message: 19:30:49.536: settings.vala:540: Key file does not have key “laptop_mode” in group “State”
** Message: 19:30:49.536: settings.vala:540: Key file does not have key “gnome” in group “Dbus”
** Message: 19:30:49.536: settings.vala:540: Key file does not have key “type” in group “Environment”
** Message: 19:30:49.537: settings.vala:540: Key file does not have key “ubuntu_menuproxy” in group “Environment”
** Message: 19:30:49.537: settings.vala:540: Key file does not have key “toolkit_integration” in group “Environment”
** Message: 19:30:49.537: settings.vala:540: Key file does not have key “gtk/overlay_scrollbar_disable” in group “Environment”
** Message: 19:30:49.537: settings.vala:540: Key file does not have key “qt/force_theme” in group “Environment”
** Message: 19:30:49.537: settings.vala:540: Key file does not have key “qt/platform” in group “Environment”
** Message: 19:30:49.537: settings.vala:462: Monitoring: /etc/xdg/lxsession/LXDE-pi/desktop.conf
** Message: 19:30:49.537: settings.vala:470: Desktop file is not in config home, monitoring creation of it
** Message: 19:30:49.537: settings.vala:485: Monitoring home path: /home/pi/.config/lxsession/LXDE-pi/desktop.conf
** Message: 19:30:49.538: environement.vala:79: Exporting variable
** Message: 19:30:49.538: environement.vala:80: desktop_environnement XDG_CURRENT_DESKTOP
** Message: 19:30:49.538: environement.vala:177: custom_config :
** Message: 19:30:49.538: environement.vala:178: config_dirs :/etc/xdg
** Message: 19:30:49.538: environement.vala:179: confir_dirs not null, export : /etc/xdg
** Message: 19:30:49.538: environement.vala:184: Exporting XDG_CONFIG_DIRS
** Message: 19:30:49.538: environement.vala:218: custom_data :
** Message: 19:30:49.538: environement.vala:219: data_dirs :/usr/share/fkms:/usr/local/share:/usr/share/raspi-ui-overrides:/usr/share:/usr/share/gdm:/var/lib/menu-xdg
** Message: 19:30:49.538: environement.vala:220: data_dirs not null, export : /usr/share/fkms:/usr/local/share:/usr/share/raspi-ui-overrides:/usr/share:/usr/share/gdm:/var/lib/menu-xdg
** Message: 19:30:49.538: environement.vala:225: Exporting XDG_DATA_DIRS
** Message: 19:30:49.538: utils.vala:39: Config system location : /etc/xdg/lxsession/LXDE-pi
** Message: 19:30:49.538: utils.vala:45: System system path location : /etc/xdg/lxsession/LXDE-pi/desktop.conf

** (lxsession:704): WARNING **: 19:30:49.538: utils.vala:70: 没有那个文件或目录
** Message: 19:30:49.538: environement.vala:254: No entry in [Environment_variable]. Key file does not have group “Environment_variable”
** Message: 19:30:49.543: utils.vala:138: Config system location : /etc/xdg/lxsession/LXDE-pi
** Message: 19:30:49.543: utils.vala:144: System system path location : /etc/xdg/lxsession/LXDE-pi/conffiles.conf
** Message: 19:30:49.543: utils.vala:148: Final file used : /etc/xdg/lxsession/LXDE-pi/conffiles.conf
** Message: 19:30:49.543: options.vala:164: Activate xsettings_manager build-in
** Message: 19:30:49.543: utils.vala:39: Config system location : /etc/xdg/lxsession/LXDE-pi
** Message: 19:30:49.543: utils.vala:45: System system path location : /etc/xdg/lxsession/LXDE-pi/desktop.conf

** (lxsession:704): WARNING **: 19:30:49.544: utils.vala:70: 没有那个文件或目录
xprop:  no such property "_NET_NUMBER_OF_DESKTOPS"
xprop:  no such property "_NET_DESKTOP_NAMES"
** Message: 19:30:49.564: app.vala:721: polkit separate
** Message: 19:30:49.564: app.vala:721: polkit separate
** Message: 19:30:49.575: app.vala:76: Launching lxpolkit 
** Message: 19:30:49.575: utils.vala:138: Config system location : /etc/xdg/lxsession/LXDE-pi
** Message: 19:30:49.575: utils.vala:144: System system path location : /etc/xdg/lxsession/LXDE-pi/autostart
** Message: 19:30:49.575: utils.vala:148: Final file used : /etc/xdg/lxsession/LXDE-pi/autostart
** Message: 19:30:49.576: autostart.vala:42: Autostart path : /etc/xdg/lxsession/LXDE-pi/autostart
** Message: 19:30:49.589: app.vala:76: Launching lxpanel 
** Message: 19:30:49.605: app.vala:76: Launching pcmanfm 

** (lxsession:704): WARNING **: 19:30:49.624: app.vala:86: Failed to execute child process “xscreensaver” (没有那个文件或目录)

** (lxsession:704): WARNING **: 19:30:49.624: app.vala:87: Error when launching xscreensaver
** Message: 19:30:49.633: options.vala:107: Create build-in Clipboard
** Message: 19:30:49.635: main.vala:441: Check keymap_mode (null)
** Message: 19:30:49.640: app.vala:76: Launching /usr/bin/ssh-agent 
SSH_AUTH_SOCK=/tmp/ssh-u6VII02tcNKX/agent.778; export SSH_AUTH_SOCK;
SSH_AGENT_PID=780; export SSH_AGENT_PID;
echo Agent pid 780;
** Message: 19:30:49.839: x-terminal-emulator has very limited support, consider choose another terminal
** Message: 19:30:49.880: app.vala:130: /usr/bin/ssh-agent exit with this type of exit: 0
** Message: 19:30:49.916: x-terminal-emulator has very limited support, consider choose another terminal
grep: /home/pi/.config/lxpanel/LXDE-pi/panels/*: 没有那个文件或目录
Openbox-Message: 无法找到有效的菜单文件 "/usr/share/lxde/openbox/menu.xml"
** Message: 19:30:52.202: Connecting ...
** Message: 19:30:52.202: Status changed to down
Unit pt-device-manager.service could not be found.

** (lxpanel:771): WARNING **: 19:30:52.382: Battery 0 not found

(lxpanel:771): Gtk-CRITICAL **: 19:30:52.919: IA__gtk_image_set_from_pixbuf: assertion 'GTK_IS_IMAGE (image)' failed
** Message: 19:30:53.204: Status changed to opened
** Message: 19:30:53.204: Connected to dhcpcd-8.1.2
** Message: 19:30:53.206: Status changed to connected
** Message: 19:30:53.206: eth0: Link is up, configuring
** Message: 19:30:53.206: wlan0: Associated with 123
** Message: 19:30:53.206: wlan0: Configured 192.168.2.110/24
** Message: 19:30:53.208: wlan0: WPA status connected
** Message: 19:30:53.208: wlan0: Received scan results
** Message: 19:30:54.186: eth0: Configured 192.168.2.109/24
** Message: 12:46:55.603: wlan0: Received scan results
** Message: 12:46:55.845: wlan0: Disassociated from 123
** Message: 12:46:56.627: wlan0: Associated with CMCC-cxl-5G
** Message: 12:47:02.195: wlan0: Configured 192.168.2.110/24
** Message: 12:47:55.627: wlan0: Received scan results
** Message: 12:48:55.642: wlan0: Received scan results
** Message: 12:49:55.627: wlan0: Received scan results
** Message: 12:50:55.627: wlan0: Received scan results
** Message: 12:51:55.637: wlan0: Received scan results
** Message: 12:52:55.636: wlan0: Received scan results
** Message: 12:53:55.639: wlan0: Received scan results
** Message: 12:54:55.630: wlan0: Received scan results
** Message: 12:55:55.633: wlan0: Received scan results
** Message: 12:56:55.637: wlan0: Received scan results
** Message: 12:57:55.636: wlan0: Received scan results
** Message: 12:58:55.636: wlan0: Received scan results
** Message: 12:59:55.648: wlan0: Received scan results
** Message: 13:00:55.638: wlan0: Received scan results
** Message: 13:01:55.646: wlan0: Received scan results
** Message: 13:02:55.637: wlan0: Received scan results
** Message: 13:03:55.629: wlan0: Received scan results
** Message: 13:04:55.637: wlan0: Received scan results
** Message: 13:05:55.643: wlan0: Received scan results
** Message: 13:06:55.646: wlan0: Received scan results
** Message: 13:07:55.642: wlan0: Received scan results
** Message: 13:08:55.640: wlan0: Received scan results
** Message: 13:09:55.641: wlan0: Received scan results
** Message: 13:10:55.640: wlan0: Received scan results
** Message: 13:11:55.641: wlan0: Received scan results
** Message: 13:12:55.641: wlan0: Received scan results
** Message: 13:13:55.651: wlan0: Received scan results
** Message: 13:14:55.654: wlan0: Received scan results
** Message: 13:15:55.650: wlan0: Received scan results
** Message: 13:16:55.656: wlan0: Received scan results
** Message: 13:17:55.659: wlan0: Received scan results
** Message: 13:18:55.657: wlan0: Received scan results
** Message: 13:19:55.655: wlan0: Received scan results
** Message: 13:20:55.659: wlan0: Received scan results
** Message: 13:21:55.660: wlan0: Received scan results
** Message: 13:22:55.655: wlan0: Received scan results
** Message: 13:23:55.665: wlan0: Received scan results
** Message: 13:24:55.657: wlan0: Received scan results
** Message: 13:25:55.661: wlan0: Received scan results
** Message: 13:26:55.662: wlan0: Received scan results
** Message: 13:27:55.661: wlan0: Received scan results
** Message: 13:28:55.664: wlan0: Received scan results
** Message: 13:29:55.670: wlan0: Received scan results
** Message: 13:30:55.667: wlan0: Received scan results
** Message: 13:31:55.671: wlan0: Received scan results
** Message: 13:32:55.666: wlan0: Received scan results
** Message: 13:33:55.659: wlan0: Received scan results
** Message: 13:34:55.670: wlan0: Received scan results
** Message: 13:35:55.672: wlan0: Received scan results
** Message: 13:36:55.677: wlan0: Received scan results
** Message: 13:37:55.673: wlan0: Received scan results
** Message: 13:38:55.674: wlan0: Received scan results
** Message: 13:39:55.673: wlan0: Received scan results
** Message: 13:40:55.675: wlan0: Received scan results
** Message: 13:41:55.675: wlan0: Received scan results
** Message: 13:42:55.683: wlan0: Received scan results
** Message: 13:43:55.684: wlan0: Received scan results
** Message: 13:44:55.682: wlan0: Received scan results
** Message: 13:45:55.678: wlan0: Received scan results
** Message: 13:46:55.674: wlan0: Received scan results
** Message: 13:47:55.683: wlan0: Received scan results
** Message: 13:48:55.683: wlan0: Received scan results
** Message: 13:49:55.679: wlan0: Received scan results
** Message: 13:50:55.676: wlan0: Received scan results
** Message: 13:51:55.682: wlan0: Received scan results
** Message: 13:52:55.682: wlan0: Received scan results
** Message: 13:53:55.680: wlan0: Received scan results
** Message: 13:54:55.690: wlan0: Received scan results
** Message: 13:55:55.687: wlan0: Received scan results
** Message: 13:56:55.693: wlan0: Received scan results
** Message: 13:57:55.682: wlan0: Received scan results
** Message: 13:58:55.686: wlan0: Received scan results
** Message: 13:59:55.690: wlan0: Received scan results
** Message: 14:00:55.695: wlan0: Received scan results
** Message: 14:01:55.688: wlan0: Received scan results
** Message: 14:02:55.688: wlan0: Received scan results
** Message: 14:03:55.696: wlan0: Received scan results
** Message: 14:04:55.698: wlan0: Received scan results
** Message: 14:05:55.695: wlan0: Received scan results
** Message: 14:06:55.702: wlan0: Received scan results
** Message: 14:07:55.697: wlan0: Received scan results
** Message: 14:08:55.697: wlan0: Received scan results
** Message: 14:09:55.697: wlan0: Received scan results
** Message: 14:10:55.708: wlan0: Received scan results
** Message: 14:11:55.694: wlan0: Received scan results
** Message: 14:12:55.703: wlan0: Received scan results
** Message: 14:13:55.705: wlan0: Received scan results
** Message: 14:14:55.695: wlan0: Received scan results
** Message: 14:15:55.699: wlan0: Received scan results
** Message: 14:16:55.701: wlan0: Received scan results
** Message: 14:17:55.711: wlan0: Received scan results
** Message: 14:18:55.703: wlan0: Received scan results
** Message: 14:19:55.710: wlan0: Received scan results
** Message: 14:20:55.714: wlan0: Received scan results
** Message: 14:21:55.707: wlan0: Received scan results
** Message: 14:22:55.709: wlan0: Received scan results
** Message: 14:23:55.710: wlan0: Received scan results
** Message: 14:24:55.716: wlan0: Received scan results
** Message: 14:25:55.715: wlan0: Received scan results
** Message: 14:26:55.711: wlan0: Received scan results
** Message: 14:27:55.709: wlan0: Received scan results
** Message: 14:28:55.715: wlan0: Received scan results
** Message: 14:29:55.723: wlan0: Received scan results
** Message: 14:30:55.720: wlan0: Received scan results
** Message: 14:31:55.713: wlan0: Received scan results
** Message: 14:32:55.715: wlan0: Received scan results
** Message: 14:33:55.716: wlan0: Received scan results
** Message: 14:34:55.715: wlan0: Received scan results
** Message: 14:35:55.722: wlan0: Received scan results
** Message: 14:36:55.715: wlan0: Received scan results
